<?xml version="1.0" encoding="UTF-8"?>
<!-- Generated by org.testng.reporters.JUnitXMLReporter -->
<testsuite hostname="Pratik-HP" ignored="0" name="Surefire test" tests="10" failures="0" timestamp="2023-07-17T20:35:49 IST" time="30.191" errors="0">
  <testcase name="testPostUser" time="3.869" classname="testcases.DataDrivenTest"/>
  <testcase name="testPostUser" time="2.553" classname="testcases.DataDrivenTest"/>
  <testcase name="testPostUser" time="2.865" classname="testcases.DataDrivenTest"/>
  <testcase name="testPostUser" time="2.373" classname="testcases.UserTest"/>
  <testcase name="testDeleteUserByName" time="2.699" classname="testcases.DataDrivenTest"/>
  <testcase name="testDeleteUserByName" time="1.992" classname="testcases.DataDrivenTest"/>
  <testcase name="testDeleteUserByName" time="3.173" classname="testcases.DataDrivenTest"/>
  <testcase name="testGetUserByName" time="2.253" classname="testcases.UserTest"/>
  <testcase name="testUpdateUserByName" time="4.705" classname="testcases.UserTest"/>
  <testcase name="deleteUserByName" time="2.046" classname="testcases.UserTest"/>
</testsuite> <!-- Surefire test -->
