<?xml version="1.0" encoding="UTF-8"?>
<!-- Generated by org.testng.reporters.JUnitXMLReporter -->
<testsuite hostname="Pratik-HP" ignored="0" name="Surefire test" tests="10" failures="0" timestamp="2023-07-16T22:01:13 IST" time="20.335" errors="0">
  <testcase name="testPostUser" time="3.874" classname="testcases.DataDrivenTest"/>
  <testcase name="testPostUser" time="1.479" classname="testcases.DataDrivenTest"/>
  <testcase name="testPostUser" time="1.484" classname="testcases.DataDrivenTest"/>
  <testcase name="testDeleteUserByName" time="1.637" classname="testcases.DataDrivenTest"/>
  <testcase name="testDeleteUserByName" time="1.445" classname="testcases.DataDrivenTest"/>
  <testcase name="testDeleteUserByName" time="1.479" classname="testcases.DataDrivenTest"/>
  <testcase name="testPostUser" time="1.535" classname="testcases.UserTest"/>
  <testcase name="testGetUserByName" time="1.448" classname="testcases.UserTest"/>
  <testcase name="testUpdateUserByName" time="2.925" classname="testcases.UserTest"/>
  <testcase name="deleteUserByName" time="1.466" classname="testcases.UserTest"/>
</testsuite> <!-- Surefire test -->
