<?xml version="1.0" encoding="UTF-8"?>
<testng-results ignored="0" total="10" passed="10" failed="0" skipped="0">
  <reporter-output>
  </reporter-output>
  <suite started-at="2023-07-18T17:28:10 IST" name="Surefire suite" finished-at="2023-07-18T17:28:41 IST" duration-ms="31070">
    <groups>
    </groups>
    <test started-at="2023-07-18T17:28:10 IST" name="Surefire test" finished-at="2023-07-18T17:28:41 IST" duration-ms="31070">
      <class name="testcases.DataDrivenTest">
        <test-method signature="testPostUser(java.lang.String, java.lang.String, java.lang.String, java.lang.String, java.lang.String, java.lang.String, java.lang.String)[pri:1, instance:testcases.DataDrivenTest@61d47554]" started-at="2023-07-18T17:28:12 IST" name="testPostUser" data-provider="Data" finished-at="2023-07-18T17:28:18 IST" duration-ms="5560" status="PASS">
          <params>
            <param index="0">
              <value>
                <![CDATA[1010]]>
              </value>
            </param>
            <param index="1">
              <value>
                <![CDATA[testuser1]]>
              </value>
            </param>
            <param index="2">
              <value>
                <![CDATA[John]]>
              </value>
            </param>
            <param index="3">
              <value>
                <![CDATA[Canedy]]>
              </value>
            </param>
            <param index="4">
              <value>
                <![CDATA[a@gmail.com]]>
              </value>
            </param>
            <param index="5">
              <value>
                <![CDATA[test@1]]>
              </value>
            </param>
            <param index="6">
              <value>
                <![CDATA[123456789]]>
              </value>
            </param>
          </params>
          <reporter-output>
          </reporter-output>
        </test-method> <!-- testPostUser -->
        <test-method signature="testPostUser(java.lang.String, java.lang.String, java.lang.String, java.lang.String, java.lang.String, java.lang.String, java.lang.String)[pri:1, instance:testcases.DataDrivenTest@61d47554]" started-at="2023-07-18T17:28:18 IST" name="testPostUser" data-provider="Data" finished-at="2023-07-18T17:28:20 IST" duration-ms="2196" status="PASS">
          <params>
            <param index="0">
              <value>
                <![CDATA[1011]]>
              </value>
            </param>
            <param index="1">
              <value>
                <![CDATA[testuser2]]>
              </value>
            </param>
            <param index="2">
              <value>
                <![CDATA[Kim]]>
              </value>
            </param>
            <param index="3">
              <value>
                <![CDATA[Kom]]>
              </value>
            </param>
            <param index="4">
              <value>
                <![CDATA[b@gmail.com]]>
              </value>
            </param>
            <param index="5">
              <value>
                <![CDATA[test@2]]>
              </value>
            </param>
            <param index="6">
              <value>
                <![CDATA[123456789]]>
              </value>
            </param>
          </params>
          <reporter-output>
          </reporter-output>
        </test-method> <!-- testPostUser -->
        <test-method signature="testPostUser(java.lang.String, java.lang.String, java.lang.String, java.lang.String, java.lang.String, java.lang.String, java.lang.String)[pri:1, instance:testcases.DataDrivenTest@61d47554]" started-at="2023-07-18T17:28:20 IST" name="testPostUser" data-provider="Data" finished-at="2023-07-18T17:28:22 IST" duration-ms="1709" status="PASS">
          <params>
            <param index="0">
              <value>
                <![CDATA[1012]]>
              </value>
            </param>
            <param index="1">
              <value>
                <![CDATA[testuser3]]>
              </value>
            </param>
            <param index="2">
              <value>
                <![CDATA[Smith]]>
              </value>
            </param>
            <param index="3">
              <value>
                <![CDATA[Steve]]>
              </value>
            </param>
            <param index="4">
              <value>
                <![CDATA[c@gmail.com]]>
              </value>
            </param>
            <param index="5">
              <value>
                <![CDATA[test@3]]>
              </value>
            </param>
            <param index="6">
              <value>
                <![CDATA[123456789]]>
              </value>
            </param>
          </params>
          <reporter-output>
          </reporter-output>
        </test-method> <!-- testPostUser -->
        <test-method signature="testDeleteUserByName(java.lang.String)[pri:2, instance:testcases.DataDrivenTest@61d47554]" started-at="2023-07-18T17:28:24 IST" name="testDeleteUserByName" data-provider="UserNames" finished-at="2023-07-18T17:28:26 IST" duration-ms="2041" status="PASS">
          <params>
            <param index="0">
              <value>
                <![CDATA[testuser1]]>
              </value>
            </param>
          </params>
          <reporter-output>
          </reporter-output>
        </test-method> <!-- testDeleteUserByName -->
        <test-method signature="testDeleteUserByName(java.lang.String)[pri:2, instance:testcases.DataDrivenTest@61d47554]" started-at="2023-07-18T17:28:26 IST" name="testDeleteUserByName" data-provider="UserNames" finished-at="2023-07-18T17:28:28 IST" duration-ms="1943" status="PASS">
          <params>
            <param index="0">
              <value>
                <![CDATA[testuser2]]>
              </value>
            </param>
          </params>
          <reporter-output>
          </reporter-output>
        </test-method> <!-- testDeleteUserByName -->
        <test-method signature="testDeleteUserByName(java.lang.String)[pri:2, instance:testcases.DataDrivenTest@61d47554]" started-at="2023-07-18T17:28:28 IST" name="testDeleteUserByName" data-provider="UserNames" finished-at="2023-07-18T17:28:31 IST" duration-ms="2558" status="PASS">
          <params>
            <param index="0">
              <value>
                <![CDATA[testuser3]]>
              </value>
            </param>
          </params>
          <reporter-output>
          </reporter-output>
        </test-method> <!-- testDeleteUserByName -->
      </class> <!-- testcases.DataDrivenTest -->
      <class name="testcases.UserTest">
        <test-method is-config="true" signature="setUp()[pri:0, instance:testcases.UserTest@69b794e2]" started-at="2023-07-18T17:28:22 IST" name="setUp" finished-at="2023-07-18T17:28:22 IST" duration-ms="195" status="PASS">
          <reporter-output>
          </reporter-output>
        </test-method> <!-- setUp -->
        <test-method signature="testPostUser()[pri:1, instance:testcases.UserTest@69b794e2]" started-at="2023-07-18T17:28:22 IST" name="testPostUser" finished-at="2023-07-18T17:28:24 IST" duration-ms="1850" status="PASS">
          <reporter-output>
          </reporter-output>
        </test-method> <!-- testPostUser -->
        <test-method signature="testGetUserByName()[pri:2, instance:testcases.UserTest@69b794e2]" started-at="2023-07-18T17:28:31 IST" name="testGetUserByName" finished-at="2023-07-18T17:28:33 IST" duration-ms="2962" status="PASS">
          <reporter-output>
          </reporter-output>
        </test-method> <!-- testGetUserByName -->
        <test-method signature="testUpdateUserByName()[pri:3, instance:testcases.UserTest@69b794e2]" started-at="2023-07-18T17:28:33 IST" name="testUpdateUserByName" finished-at="2023-07-18T17:28:39 IST" duration-ms="5426" status="PASS">
          <reporter-output>
          </reporter-output>
        </test-method> <!-- testUpdateUserByName -->
        <test-method signature="deleteUserByName()[pri:4, instance:testcases.UserTest@69b794e2]" started-at="2023-07-18T17:28:39 IST" name="deleteUserByName" finished-at="2023-07-18T17:28:41 IST" duration-ms="2557" status="PASS">
          <reporter-output>
          </reporter-output>
        </test-method> <!-- deleteUserByName -->
      </class> <!-- testcases.UserTest -->
    </test> <!-- Surefire test -->
  </suite> <!-- Surefire suite -->
</testng-results>
